
1월 15, 2018 12:46:21.95 NEW SESSION
1월 15, 2018 12:46:21.95 [10592:14700:0115/124621.951:ERROR:process_metrics.cc(105)] NOT IMPLEMENTED
1월 15, 2018 12:46:21.95 [10592:14700:0115/124621.951:ERROR:process_metrics.cc(105)] NOT IMPLEMENTED
1월 15, 2018 12:46:21.96 [10592:14700:0115/124621.951:ERROR:process_metrics.cc(105)] NOT IMPLEMENTED
1월 15, 2018 12:46:21.96 [10592:14700:0115/124621.951:ERROR:process_metrics.cc(105)] NOT IMPLEMENTED
1월 15, 2018 12:47:09.88 
1월 15, 2018 12:47:09.89 KLIB_SelfTest return : KLR_OK
1월 15, 2018 12:48:39.37 
1월 15, 2018 12:48:39.38 KLIB_SelfTest return : KLR_OK
1월 15, 2018 12:50:16.14 
1월 15, 2018 12:50:16.15 KLIB_SelfTest return : KLR_OK
1월 15, 2018 12:55:22.61 [13444:11640:0115/125522.612:ERROR:process_metrics.cc(105)] NOT IMPLEMENTED
1월 15, 2018 12:55:22.63 [13444:11640:0115/125522.612:ERROR:process_metrics.cc(105)] NOT IMPLEMENTED
1월 15, 2018 12:55:22.65 [13444:11640:0115/125522.612:ERROR:process_metrics.cc(105)] NOT IMPLEMENTED
1월 15, 2018 12:55:22.66 [13444:11640:0115/125522.612:ERROR:process_metrics.cc(105)] NOT IMPLEMENTED
1월 15, 2018 12:55:33.16 
1월 15, 2018 12:55:33.16 KLIB_SelfTest return : KLR_OK
1월 15, 2018 12:56:51.62 
1월 15, 2018 12:56:51.63 KLIB_SelfTest return : KLR_OK
1월 15, 2018 12:57:12.52 [13956:8968:0115/125712.522:ERROR:service_manager.cc(157)] Connection InterfaceProviderSpec prevented service: content_renderer from binding interface: blink::mojom::ReportingServiceProxy exposed by: content_browser
1월 15, 2018 12:57:36.26 
1월 15, 2018 12:57:36.27 KLIB_SelfTest return : KLR_OK
1월 15, 2018 12:59:56.54 [14068:8944:0115/125956.542:ERROR:process_metrics.cc(105)] NOT IMPLEMENTED
1월 15, 2018 12:59:56.55 [14068:8944:0115/125956.542:ERROR:process_metrics.cc(105)] NOT IMPLEMENTED
1월 15, 2018 12:59:56.57 [14068:8944:0115/125956.542:ERROR:process_metrics.cc(105)] NOT IMPLEMENTED
1월 15, 2018 12:59:56.58 [14068:8944:0115/125956.542:ERROR:process_metrics.cc(105)] NOT IMPLEMENTED
1월 15, 2018 13:00:02.93 
1월 15, 2018 13:00:02.93 KLIB_SelfTest return : KLR_OK
1월 15, 2018 13:00:31.77 
1월 15, 2018 13:00:31.79 KLIB_SelfTest return : KLR_OK
1월 15, 2018 13:07:59.79 
1월 15, 2018 13:07:59.80 KLIB_SelfTest return : KLR_OK
1월 15, 2018 13:10:01.30 
1월 15, 2018 13:10:01.31 KLIB_SelfTest return : KLR_OK
1월 15, 2018 13:11:22.05 
1월 15, 2018 13:11:22.05 KLIB_SelfTest return : KLR_OK
1월 15, 2018 13:11:38.39 
1월 15, 2018 13:11:38.39 KLIB_SelfTest return : KLR_OK
1월 15, 2018 13:13:49.06 [2876:12096:0115/131349.065:ERROR:process_metrics.cc(105)] NOT IMPLEMENTED
1월 15, 2018 13:13:49.07 [2876:12096:0115/131349.065:ERROR:process_metrics.cc(105)] NOT IMPLEMENTED
1월 15, 2018 13:13:49.08 [2876:12096:0115/131349.065:ERROR:process_metrics.cc(105)] NOT IMPLEMENTED
1월 15, 2018 13:13:49.08 [2876:12096:0115/131349.065:ERROR:process_metrics.cc(105)] NOT IMPLEMENTED
1월 15, 2018 13:13:49.09 [2876:12096:0115/131349.065:ERROR:process_metrics.cc(105)] NOT IMPLEMENTED
1월 15, 2018 13:14:05.27 
1월 15, 2018 13:14:05.27 KLIB_SelfTest return : KLR_OK
1월 15, 2018 13:16:18.28 
1월 15, 2018 13:16:18.29 KLIB_SelfTest return : KLR_OK
1월 15, 2018 13:18:22.42 [7812:5716:0115/131822.422:ERROR:process_metrics.cc(105)] NOT IMPLEMENTED
1월 15, 2018 13:18:22.42 [7812:5716:0115/131822.422:ERROR:process_metrics.cc(105)] NOT IMPLEMENTED
1월 15, 2018 13:18:22.43 [7812:5716:0115/131822.422:ERROR:process_metrics.cc(105)] NOT IMPLEMENTED
1월 15, 2018 13:18:22.43 [7812:5716:0115/131822.422:ERROR:process_metrics.cc(105)] NOT IMPLEMENTED
1월 15, 2018 13:18:22.44 [7812:5716:0115/131822.422:ERROR:process_metrics.cc(105)] NOT IMPLEMENTED
1월 15, 2018 13:20:22.42 [7812:5716:0115/132022.424:ERROR:process_metrics.cc(105)] NOT IMPLEMENTED
1월 15, 2018 13:20:22.44 [7812:5716:0115/132022.424:ERROR:process_metrics.cc(105)] NOT IMPLEMENTED
1월 15, 2018 13:20:22.45 [7812:5716:0115/132022.424:ERROR:process_metrics.cc(105)] NOT IMPLEMENTED
1월 15, 2018 13:20:22.45 [7812:5716:0115/132022.424:ERROR:process_metrics.cc(105)] NOT IMPLEMENTED
1월 15, 2018 13:20:22.46 [7812:5716:0115/132022.424:ERROR:process_metrics.cc(105)] NOT IMPLEMENTED
1월 15, 2018 13:22:22.42 [7812:5716:0115/132222.427:ERROR:process_metrics.cc(105)] NOT IMPLEMENTED
1월 15, 2018 13:22:22.44 [7812:5716:0115/132222.427:ERROR:process_metrics.cc(105)] NOT IMPLEMENTED
1월 15, 2018 13:22:22.45 [7812:5716:0115/132222.427:ERROR:process_metrics.cc(105)] NOT IMPLEMENTED
1월 15, 2018 13:22:22.46 [7812:5716:0115/132222.427:ERROR:process_metrics.cc(105)] NOT IMPLEMENTED
1월 15, 2018 13:22:22.47 [7812:5716:0115/132222.427:ERROR:process_metrics.cc(105)] NOT IMPLEMENTED
1월 15, 2018 13:24:22.42 [7812:5716:0115/132422.427:ERROR:process_metrics.cc(105)] NOT IMPLEMENTED
1월 15, 2018 13:24:22.44 [7812:5716:0115/132422.427:ERROR:process_metrics.cc(105)] NOT IMPLEMENTED
1월 15, 2018 13:24:22.45 [7812:5716:0115/132422.427:ERROR:process_metrics.cc(105)] NOT IMPLEMENTED
1월 15, 2018 13:24:22.46 [7812:5716:0115/132422.427:ERROR:process_metrics.cc(105)] NOT IMPLEMENTED
1월 15, 2018 13:24:22.47 [7812:5716:0115/132422.427:ERROR:process_metrics.cc(105)] NOT IMPLEMENTED
1월 15, 2018 13:26:22.43 [7812:5716:0115/132622.428:ERROR:process_metrics.cc(105)] NOT IMPLEMENTED
1월 15, 2018 13:26:22.44 [7812:5716:0115/132622.428:ERROR:process_metrics.cc(105)] NOT IMPLEMENTED
1월 15, 2018 13:26:22.45 [7812:5716:0115/132622.428:ERROR:process_metrics.cc(105)] NOT IMPLEMENTED
1월 15, 2018 13:26:22.47 [7812:5716:0115/132622.428:ERROR:process_metrics.cc(105)] NOT IMPLEMENTED
1월 15, 2018 13:26:22.49 [7812:5716:0115/132622.428:ERROR:process_metrics.cc(105)] NOT IMPLEMENTED
1월 15, 2018 13:26:22.50 [7812:5716:0115/132622.428:ERROR:process_metrics.cc(105)] NOT IMPLEMENTED
1월 15, 2018 13:28:22.43 [7812:5716:0115/132822.430:ERROR:process_metrics.cc(105)] NOT IMPLEMENTED
1월 15, 2018 13:28:22.44 [7812:5716:0115/132822.430:ERROR:process_metrics.cc(105)] NOT IMPLEMENTED
1월 15, 2018 13:28:22.46 [7812:5716:0115/132822.430:ERROR:process_metrics.cc(105)] NOT IMPLEMENTED
1월 15, 2018 13:28:22.48 [7812:5716:0115/132822.430:ERROR:process_metrics.cc(105)] NOT IMPLEMENTED
1월 15, 2018 13:28:22.48 [7812:5716:0115/132822.430:ERROR:process_metrics.cc(105)] NOT IMPLEMENTED
1월 15, 2018 13:28:22.49 [7812:5716:0115/132822.430:ERROR:process_metrics.cc(105)] NOT IMPLEMENTED
1월 15, 2018 13:29:42.63 
1월 15, 2018 13:29:42.65 KLIB_SelfTest return : KLR_OK
1월 15, 2018 13:30:26.75 
1월 15, 2018 13:30:26.76 KLIB_SelfTest return : KLR_OK
1월 15, 2018 13:32:40.90 [14372:3732:0115/133240.901:ERROR:process_metrics.cc(105)] NOT IMPLEMENTED
1월 15, 2018 13:32:40.92 [14372:3732:0115/133240.901:ERROR:process_metrics.cc(105)] NOT IMPLEMENTED
1월 15, 2018 13:32:40.93 [14372:3732:0115/133240.901:ERROR:process_metrics.cc(105)] NOT IMPLEMENTED
1월 15, 2018 13:32:40.93 [14372:3732:0115/133240.901:ERROR:process_metrics.cc(105)] NOT IMPLEMENTED
1월 15, 2018 13:32:40.94 [14372:3732:0115/133240.901:ERROR:process_metrics.cc(105)] NOT IMPLEMENTED
1월 15, 2018 13:32:40.95 [14372:3732:0115/133240.901:ERROR:process_metrics.cc(105)] NOT IMPLEMENTED
1월 15, 2018 13:34:28.82 
1월 15, 2018 13:34:28.82 KLIB_SelfTest return : KLR_OK
1월 15, 2018 13:36:46.52 [11520:6948:0115/133646.526:ERROR:process_metrics.cc(105)] NOT IMPLEMENTED
1월 15, 2018 13:36:46.54 [11520:6948:0115/133646.526:ERROR:process_metrics.cc(105)] NOT IMPLEMENTED
1월 15, 2018 13:36:46.55 [11520:6948:0115/133646.526:ERROR:process_metrics.cc(105)] NOT IMPLEMENTED
1월 15, 2018 13:36:46.57 [11520:6948:0115/133646.526:ERROR:process_metrics.cc(105)] NOT IMPLEMENTED
1월 15, 2018 13:36:46.58 [11520:6948:0115/133646.526:ERROR:process_metrics.cc(105)] NOT IMPLEMENTED
1월 15, 2018 13:36:46.59 [11520:6948:0115/133646.526:ERROR:process_metrics.cc(105)] NOT IMPLEMENTED
1월 15, 2018 13:38:46.52 [11520:6948:0115/133846.527:ERROR:process_metrics.cc(105)] NOT IMPLEMENTED
1월 15, 2018 13:38:46.54 [11520:6948:0115/133846.527:ERROR:process_metrics.cc(105)] NOT IMPLEMENTED
1월 15, 2018 13:38:46.55 [11520:6948:0115/133846.527:ERROR:process_metrics.cc(105)] NOT IMPLEMENTED
1월 15, 2018 13:38:46.57 [11520:6948:0115/133846.527:ERROR:process_metrics.cc(105)] NOT IMPLEMENTED
1월 15, 2018 13:38:46.57 [11520:6948:0115/133846.527:ERROR:process_metrics.cc(105)] NOT IMPLEMENTED
1월 15, 2018 13:38:46.58 [11520:6948:0115/133846.527:ERROR:process_metrics.cc(105)] NOT IMPLEMENTED
1월 15, 2018 13:40:46.52 [11520:6948:0115/134046.528:ERROR:process_metrics.cc(105)] NOT IMPLEMENTED
1월 15, 2018 13:40:46.53 [11520:6948:0115/134046.528:ERROR:process_metrics.cc(105)] NOT IMPLEMENTED
1월 15, 2018 13:40:46.54 [11520:6948:0115/134046.528:ERROR:process_metrics.cc(105)] NOT IMPLEMENTED
1월 15, 2018 13:40:46.55 [11520:6948:0115/134046.528:ERROR:process_metrics.cc(105)] NOT IMPLEMENTED
1월 15, 2018 13:40:46.56 [11520:6948:0115/134046.528:ERROR:process_metrics.cc(105)] NOT IMPLEMENTED
1월 15, 2018 13:40:46.57 [11520:6948:0115/134046.528:ERROR:process_metrics.cc(105)] NOT IMPLEMENTED
1월 15, 2018 13:41:21.14 
1월 15, 2018 13:41:21.15 KLIB_SelfTest return : KLR_OK
1월 15, 2018 13:44:14.45 [8072:4508:0115/134414.449:ERROR:process_metrics.cc(105)] NOT IMPLEMENTED
1월 15, 2018 13:44:14.46 [8072:4508:0115/134414.449:ERROR:process_metrics.cc(105)] NOT IMPLEMENTED
1월 15, 2018 13:44:14.48 [8072:4508:0115/134414.449:ERROR:process_metrics.cc(105)] NOT IMPLEMENTED
1월 15, 2018 13:44:14.50 [8072:4508:0115/134414.449:ERROR:process_metrics.cc(105)] NOT IMPLEMENTED
1월 15, 2018 13:46:14.45 [8072:4508:0115/134614.450:ERROR:process_metrics.cc(105)] NOT IMPLEMENTED
1월 15, 2018 13:46:14.46 [8072:4508:0115/134614.450:ERROR:process_metrics.cc(105)] NOT IMPLEMENTED
1월 15, 2018 13:46:14.48 [8072:4508:0115/134614.450:ERROR:process_metrics.cc(105)] NOT IMPLEMENTED
1월 15, 2018 13:46:14.49 [8072:4508:0115/134614.450:ERROR:process_metrics.cc(105)] NOT IMPLEMENTED
1월 15, 2018 13:46:14.50 [8072:4508:0115/134614.450:ERROR:process_metrics.cc(105)] NOT IMPLEMENTED
1월 15, 2018 13:46:14.51 [8072:4508:0115/134614.451:ERROR:process_metrics.cc(105)] NOT IMPLEMENTED
1월 15, 2018 13:46:14.52 [8072:4508:0115/134614.451:ERROR:process_metrics.cc(105)] NOT IMPLEMENTED
1월 15, 2018 13:48:14.45 [8072:4508:0115/134814.452:ERROR:process_metrics.cc(105)] NOT IMPLEMENTED
1월 15, 2018 13:48:14.45 [8072:4508:0115/134814.452:ERROR:process_metrics.cc(105)] NOT IMPLEMENTED
1월 15, 2018 13:48:14.46 [8072:4508:0115/134814.452:ERROR:process_metrics.cc(105)] NOT IMPLEMENTED
1월 15, 2018 13:48:14.47 [8072:4508:0115/134814.452:ERROR:process_metrics.cc(105)] NOT IMPLEMENTED
1월 15, 2018 13:48:14.48 [8072:4508:0115/134814.452:ERROR:process_metrics.cc(105)] NOT IMPLEMENTED
1월 15, 2018 13:48:14.48 [8072:4508:0115/134814.452:ERROR:process_metrics.cc(105)] NOT IMPLEMENTED
1월 15, 2018 13:48:14.49 [8072:4508:0115/134814.452:ERROR:process_metrics.cc(105)] NOT IMPLEMENTED
1월 15, 2018 13:50:14.45 [8072:4508:0115/135014.454:ERROR:process_metrics.cc(105)] NOT IMPLEMENTED
1월 15, 2018 13:50:14.47 [8072:4508:0115/135014.454:ERROR:process_metrics.cc(105)] NOT IMPLEMENTED
1월 15, 2018 13:50:14.50 [8072:4508:0115/135014.454:ERROR:process_metrics.cc(105)] NOT IMPLEMENTED
1월 15, 2018 13:50:14.51 [8072:4508:0115/135014.454:ERROR:process_metrics.cc(105)] NOT IMPLEMENTED
1월 15, 2018 13:50:14.52 [8072:4508:0115/135014.454:ERROR:process_metrics.cc(105)] NOT IMPLEMENTED
1월 15, 2018 13:50:14.56 [8072:4508:0115/135014.454:ERROR:process_metrics.cc(105)] NOT IMPLEMENTED
1월 15, 2018 13:50:14.58 [8072:4508:0115/135014.454:ERROR:process_metrics.cc(105)] NOT IMPLEMENTED
1월 15, 2018 13:52:14.45 [8072:4508:0115/135214.456:ERROR:process_metrics.cc(105)] NOT IMPLEMENTED
1월 15, 2018 13:52:14.46 [8072:4508:0115/135214.456:ERROR:process_metrics.cc(105)] NOT IMPLEMENTED
1월 15, 2018 13:52:14.47 [8072:4508:0115/135214.456:ERROR:process_metrics.cc(105)] NOT IMPLEMENTED
1월 15, 2018 13:52:14.49 [8072:4508:0115/135214.456:ERROR:process_metrics.cc(105)] NOT IMPLEMENTED
1월 15, 2018 13:52:14.49 [8072:4508:0115/135214.456:ERROR:process_metrics.cc(105)] NOT IMPLEMENTED
1월 15, 2018 13:52:14.50 [8072:4508:0115/135214.456:ERROR:process_metrics.cc(105)] NOT IMPLEMENTED
1월 15, 2018 13:52:14.51 [8072:4508:0115/135214.456:ERROR:process_metrics.cc(105)] NOT IMPLEMENTED
1월 15, 2018 13:52:14.51 [8072:4508:0115/135214.456:ERROR:process_metrics.cc(105)] NOT IMPLEMENTED
1월 15, 2018 13:52:19.92 
1월 15, 2018 13:52:19.93 KLIB_SelfTest return : KLR_OK
1월 15, 2018 13:56:51.42 [16448:12144:0115/135651.420:ERROR:process_metrics.cc(105)] NOT IMPLEMENTED
1월 15, 2018 13:56:51.43 [16448:12144:0115/135651.420:ERROR:process_metrics.cc(105)] NOT IMPLEMENTED
1월 15, 2018 13:56:51.45 [16448:12144:0115/135651.420:ERROR:process_metrics.cc(105)] NOT IMPLEMENTED
1월 15, 2018 13:56:51.47 [16448:12144:0115/135651.420:ERROR:process_metrics.cc(105)] NOT IMPLEMENTED
1월 15, 2018 13:58:51.42 [16448:12144:0115/135851.422:ERROR:process_metrics.cc(105)] NOT IMPLEMENTED
1월 15, 2018 13:58:51.43 [16448:12144:0115/135851.422:ERROR:process_metrics.cc(105)] NOT IMPLEMENTED
1월 15, 2018 13:58:51.44 [16448:12144:0115/135851.422:ERROR:process_metrics.cc(105)] NOT IMPLEMENTED
1월 15, 2018 13:58:51.45 [16448:12144:0115/135851.422:ERROR:process_metrics.cc(105)] NOT IMPLEMENTED
1월 15, 2018 14:00:23.47 
1월 15, 2018 14:00:23.48 KLIB_SelfTest return : KLR_OK
1월 15, 2018 14:04:11.06 [6028:10576:0115/140411.061:ERROR:process_metrics.cc(105)] NOT IMPLEMENTED
1월 15, 2018 14:04:11.07 [6028:10576:0115/140411.061:ERROR:process_metrics.cc(105)] NOT IMPLEMENTED
1월 15, 2018 14:04:11.07 [6028:10576:0115/140411.061:ERROR:process_metrics.cc(105)] NOT IMPLEMENTED
1월 15, 2018 14:04:11.08 [6028:10576:0115/140411.061:ERROR:process_metrics.cc(105)] NOT IMPLEMENTED
1월 15, 2018 14:04:11.09 [6028:10576:0115/140411.061:ERROR:process_metrics.cc(105)] NOT IMPLEMENTED
1월 15, 2018 14:06:11.06 [6028:10576:0115/140611.067:ERROR:process_metrics.cc(105)] NOT IMPLEMENTED
1월 15, 2018 14:06:11.08 [6028:10576:0115/140611.067:ERROR:process_metrics.cc(105)] NOT IMPLEMENTED
1월 15, 2018 14:06:11.09 [6028:10576:0115/140611.068:ERROR:process_metrics.cc(105)] NOT IMPLEMENTED
1월 15, 2018 14:06:11.11 [6028:10576:0115/140611.068:ERROR:process_metrics.cc(105)] NOT IMPLEMENTED
1월 15, 2018 14:06:11.12 [6028:10576:0115/140611.068:ERROR:process_metrics.cc(105)] NOT IMPLEMENTED
1월 15, 2018 14:08:11.06 [6028:10576:0115/140811.068:ERROR:process_metrics.cc(105)] NOT IMPLEMENTED
1월 15, 2018 14:08:11.08 [6028:10576:0115/140811.068:ERROR:process_metrics.cc(105)] NOT IMPLEMENTED
1월 15, 2018 14:08:11.09 [6028:10576:0115/140811.068:ERROR:process_metrics.cc(105)] NOT IMPLEMENTED
1월 15, 2018 14:08:11.10 [6028:10576:0115/140811.068:ERROR:process_metrics.cc(105)] NOT IMPLEMENTED
1월 15, 2018 14:08:11.11 [6028:10576:0115/140811.068:ERROR:process_metrics.cc(105)] NOT IMPLEMENTED
1월 15, 2018 14:08:11.12 [6028:10576:0115/140811.068:ERROR:process_metrics.cc(105)] NOT IMPLEMENTED
1월 15, 2018 14:08:32.90 
1월 15, 2018 14:08:32.90 KLIB_SelfTest return : KLR_OK
1월 15, 2018 14:09:22.53 
1월 15, 2018 14:09:22.54 KLIB_SelfTest return : KLR_OK
1월 15, 2018 14:13:25.32 [17392:12472:0115/141325.322:ERROR:process_metrics.cc(105)] NOT IMPLEMENTED
1월 15, 2018 14:13:25.33 [17392:12472:0115/141325.322:ERROR:process_metrics.cc(105)] NOT IMPLEMENTED
1월 15, 2018 14:13:25.35 [17392:12472:0115/141325.322:ERROR:process_metrics.cc(105)] NOT IMPLEMENTED
1월 15, 2018 14:13:25.36 [17392:12472:0115/141325.322:ERROR:process_metrics.cc(105)] NOT IMPLEMENTED
1월 15, 2018 14:15:25.32 [17392:12472:0115/141525.324:ERROR:process_metrics.cc(105)] NOT IMPLEMENTED
1월 15, 2018 14:15:25.34 [17392:12472:0115/141525.324:ERROR:process_metrics.cc(105)] NOT IMPLEMENTED
1월 15, 2018 14:15:25.35 [17392:12472:0115/141525.324:ERROR:process_metrics.cc(105)] NOT IMPLEMENTED
1월 15, 2018 14:15:25.37 [17392:12472:0115/141525.324:ERROR:process_metrics.cc(105)] NOT IMPLEMENTED
1월 15, 2018 14:17:25.32 [17392:12472:0115/141725.325:ERROR:process_metrics.cc(105)] NOT IMPLEMENTED
1월 15, 2018 14:17:25.34 [17392:12472:0115/141725.325:ERROR:process_metrics.cc(105)] NOT IMPLEMENTED
1월 15, 2018 14:17:25.36 [17392:12472:0115/141725.325:ERROR:process_metrics.cc(105)] NOT IMPLEMENTED
1월 15, 2018 14:17:25.38 [17392:12472:0115/141725.325:ERROR:process_metrics.cc(105)] NOT IMPLEMENTED
1월 15, 2018 14:19:25.32 [17392:12472:0115/141925.327:ERROR:process_metrics.cc(105)] NOT IMPLEMENTED
1월 15, 2018 14:19:25.34 [17392:12472:0115/141925.327:ERROR:process_metrics.cc(105)] NOT IMPLEMENTED
1월 15, 2018 14:19:25.36 [17392:12472:0115/141925.327:ERROR:process_metrics.cc(105)] NOT IMPLEMENTED
1월 15, 2018 14:19:25.37 [17392:12472:0115/141925.327:ERROR:process_metrics.cc(105)] NOT IMPLEMENTED
1월 15, 2018 14:19:25.38 [17392:12472:0115/141925.327:ERROR:process_metrics.cc(105)] NOT IMPLEMENTED
1월 15, 2018 14:20:01.62 
1월 15, 2018 14:20:01.63 KLIB_SelfTest return : KLR_OK
1월 15, 2018 14:22:14.13 [15748:108:0115/142214.136:ERROR:process_metrics.cc(105)] NOT IMPLEMENTED
1월 15, 2018 14:22:14.15 [15748:108:0115/142214.136:ERROR:process_metrics.cc(105)] NOT IMPLEMENTED
1월 15, 2018 14:22:14.17 [15748:108:0115/142214.136:ERROR:process_metrics.cc(105)] NOT IMPLEMENTED
1월 15, 2018 14:22:14.18 [15748:108:0115/142214.136:ERROR:process_metrics.cc(105)] NOT IMPLEMENTED
1월 15, 2018 14:22:57.22 
1월 15, 2018 14:22:57.23 KLIB_SelfTest return : KLR_OK
1월 15, 2018 14:25:36.55 [4388:17340:0115/142536.550:ERROR:process_metrics.cc(105)] NOT IMPLEMENTED
1월 15, 2018 14:25:36.56 [4388:17340:0115/142536.551:ERROR:process_metrics.cc(105)] NOT IMPLEMENTED
1월 15, 2018 14:25:36.57 [4388:17340:0115/142536.551:ERROR:process_metrics.cc(105)] NOT IMPLEMENTED
1월 15, 2018 14:25:36.58 [4388:17340:0115/142536.551:ERROR:process_metrics.cc(105)] NOT IMPLEMENTED
1월 15, 2018 14:26:18.10 
1월 15, 2018 14:26:18.11 KLIB_SelfTest return : KLR_OK
1월 15, 2018 14:26:58.91 
1월 15, 2018 14:26:58.91 KLIB_SelfTest return : KLR_OK
1월 15, 2018 14:30:31.37 [2592:1676:0115/143031.377:ERROR:process_metrics.cc(105)] NOT IMPLEMENTED
1월 15, 2018 14:30:31.38 [2592:1676:0115/143031.377:ERROR:process_metrics.cc(105)] NOT IMPLEMENTED
1월 15, 2018 14:30:31.39 [2592:1676:0115/143031.377:ERROR:process_metrics.cc(105)] NOT IMPLEMENTED
1월 15, 2018 14:30:31.40 [2592:1676:0115/143031.377:ERROR:process_metrics.cc(105)] NOT IMPLEMENTED
1월 15, 2018 14:32:31.38 [2592:1676:0115/143231.378:ERROR:process_metrics.cc(105)] NOT IMPLEMENTED
1월 15, 2018 14:32:31.40 [2592:1676:0115/143231.378:ERROR:process_metrics.cc(105)] NOT IMPLEMENTED
1월 15, 2018 14:32:31.41 [2592:1676:0115/143231.378:ERROR:process_metrics.cc(105)] NOT IMPLEMENTED
1월 15, 2018 14:32:31.42 [2592:1676:0115/143231.378:ERROR:process_metrics.cc(105)] NOT IMPLEMENTED
1월 15, 2018 14:34:31.38 [2592:1676:0115/143431.380:ERROR:process_metrics.cc(105)] NOT IMPLEMENTED
1월 15, 2018 14:34:31.39 [2592:1676:0115/143431.380:ERROR:process_metrics.cc(105)] NOT IMPLEMENTED
1월 15, 2018 14:34:31.41 [2592:1676:0115/143431.380:ERROR:process_metrics.cc(105)] NOT IMPLEMENTED
1월 15, 2018 14:34:31.43 [2592:1676:0115/143431.380:ERROR:process_metrics.cc(105)] NOT IMPLEMENTED
1월 15, 2018 14:35:45.54 
1월 15, 2018 14:35:45.55 KLIB_SelfTest return : KLR_OK
1월 15, 2018 14:37:16.46 
1월 15, 2018 14:37:16.48 KLIB_SelfTest return : KLR_OK
1월 15, 2018 14:39:13.00 
1월 15, 2018 14:39:13.02 KLIB_SelfTest return : KLR_OK
1월 15, 2018 14:41:27.55 [10700:16936:0115/144127.556:ERROR:process_metrics.cc(105)] NOT IMPLEMENTED
1월 15, 2018 14:41:27.56 [10700:16936:0115/144127.556:ERROR:process_metrics.cc(105)] NOT IMPLEMENTED
1월 15, 2018 14:41:27.57 [10700:16936:0115/144127.556:ERROR:process_metrics.cc(105)] NOT IMPLEMENTED
1월 15, 2018 14:41:27.58 [10700:16936:0115/144127.556:ERROR:process_metrics.cc(105)] NOT IMPLEMENTED
1월 15, 2018 14:43:27.55 [10700:16936:0115/144327.557:ERROR:process_metrics.cc(105)] NOT IMPLEMENTED
1월 15, 2018 14:43:27.57 [10700:16936:0115/144327.557:ERROR:process_metrics.cc(105)] NOT IMPLEMENTED
1월 15, 2018 14:43:27.59 [10700:16936:0115/144327.557:ERROR:process_metrics.cc(105)] NOT IMPLEMENTED
1월 15, 2018 14:43:27.60 [10700:16936:0115/144327.557:ERROR:process_metrics.cc(105)] NOT IMPLEMENTED
1월 15, 2018 14:45:27.56 [10700:16936:0115/144527.558:ERROR:process_metrics.cc(105)] NOT IMPLEMENTED
1월 15, 2018 14:45:27.57 [10700:16936:0115/144527.558:ERROR:process_metrics.cc(105)] NOT IMPLEMENTED
1월 15, 2018 14:45:27.58 [10700:16936:0115/144527.558:ERROR:process_metrics.cc(105)] NOT IMPLEMENTED
1월 15, 2018 14:45:27.59 [10700:16936:0115/144527.558:ERROR:process_metrics.cc(105)] NOT IMPLEMENTED
1월 15, 2018 14:47:27.56 [10700:16936:0115/144727.560:ERROR:process_metrics.cc(105)] NOT IMPLEMENTED
1월 15, 2018 14:47:27.57 [10700:16936:0115/144727.560:ERROR:process_metrics.cc(105)] NOT IMPLEMENTED
1월 15, 2018 14:47:27.58 [10700:16936:0115/144727.560:ERROR:process_metrics.cc(105)] NOT IMPLEMENTED
1월 15, 2018 14:47:27.59 [10700:16936:0115/144727.560:ERROR:process_metrics.cc(105)] NOT IMPLEMENTED
1월 15, 2018 14:47:58.72 
1월 15, 2018 14:47:58.73 KLIB_SelfTest return : KLR_OK
1월 15, 2018 14:50:07.06 [5324:7904:0115/145007.065:ERROR:process_metrics.cc(105)] NOT IMPLEMENTED
1월 15, 2018 14:50:07.07 [5324:7904:0115/145007.065:ERROR:process_metrics.cc(105)] NOT IMPLEMENTED
1월 15, 2018 14:50:07.08 [5324:7904:0115/145007.065:ERROR:process_metrics.cc(105)] NOT IMPLEMENTED
1월 15, 2018 14:50:07.08 [5324:7904:0115/145007.065:ERROR:process_metrics.cc(105)] NOT IMPLEMENTED
1월 15, 2018 14:51:32.54 
1월 15, 2018 14:51:32.55 KLIB_SelfTest return : KLR_OK
1월 15, 2018 14:53:36.01 
1월 15, 2018 14:53:36.02 KLIB_SelfTest return : KLR_OK
1월 15, 2018 14:53:45.87 
1월 15, 2018 14:53:45.88 KLIB_SelfTest return : KLR_OK
1월 15, 2018 14:55:55.00 
1월 15, 2018 14:55:55.01 KLIB_SelfTest return : KLR_OK
1월 15, 2018 14:57:59.53 [8720:16616:0115/145759.533:ERROR:process_metrics.cc(105)] NOT IMPLEMENTED
1월 15, 2018 14:57:59.56 [8720:16616:0115/145759.533:ERROR:process_metrics.cc(105)] NOT IMPLEMENTED
1월 15, 2018 14:57:59.58 [8720:16616:0115/145759.533:ERROR:process_metrics.cc(105)] NOT IMPLEMENTED
1월 15, 2018 14:57:59.58 [8720:16616:0115/145759.533:ERROR:process_metrics.cc(105)] NOT IMPLEMENTED
1월 15, 2018 14:58:16.02 
1월 15, 2018 14:58:16.03 KLIB_SelfTest return : KLR_OK
1월 15, 2018 14:58:40.79 
1월 15, 2018 14:58:40.81 KLIB_SelfTest return : KLR_OK
1월 15, 2018 15:01:07.87 [6372:14848:0115/150107.878:ERROR:process_metrics.cc(105)] NOT IMPLEMENTED
1월 15, 2018 15:01:07.88 [6372:14848:0115/150107.878:ERROR:process_metrics.cc(105)] NOT IMPLEMENTED
1월 15, 2018 15:01:07.89 [6372:14848:0115/150107.878:ERROR:process_metrics.cc(105)] NOT IMPLEMENTED
1월 15, 2018 15:01:07.89 [6372:14848:0115/150107.878:ERROR:process_metrics.cc(105)] NOT IMPLEMENTED
1월 15, 2018 15:01:12.90 
1월 15, 2018 15:01:12.91 KLIB_SelfTest return : KLR_OK
1월 15, 2018 15:01:31.90 
1월 15, 2018 15:01:31.91 KLIB_SelfTest return : KLR_OK
1월 15, 2018 15:01:45.80 
1월 15, 2018 15:01:45.80 KLIB_SelfTest return : KLR_OK
1월 15, 2018 15:02:45.95 
1월 15, 2018 15:02:45.96 KLIB_SelfTest return : KLR_OK
1월 15, 2018 15:04:55.68 [5088:12536:0115/150455.685:ERROR:process_metrics.cc(105)] NOT IMPLEMENTED
1월 15, 2018 15:04:55.70 [5088:12536:0115/150455.685:ERROR:process_metrics.cc(105)] NOT IMPLEMENTED
1월 15, 2018 15:04:55.72 [5088:12536:0115/150455.685:ERROR:process_metrics.cc(105)] NOT IMPLEMENTED
1월 15, 2018 15:04:55.73 [5088:12536:0115/150455.686:ERROR:process_metrics.cc(105)] NOT IMPLEMENTED
1월 15, 2018 15:06:55.69 [5088:12536:0115/150655.689:ERROR:process_metrics.cc(105)] NOT IMPLEMENTED
1월 15, 2018 15:06:55.70 [5088:12536:0115/150655.689:ERROR:process_metrics.cc(105)] NOT IMPLEMENTED
1월 15, 2018 15:06:55.72 [5088:12536:0115/150655.689:ERROR:process_metrics.cc(105)] NOT IMPLEMENTED
1월 15, 2018 15:06:55.74 [5088:12536:0115/150655.689:ERROR:process_metrics.cc(105)] NOT IMPLEMENTED
1월 15, 2018 15:06:55.75 [5088:12536:0115/150655.689:ERROR:process_metrics.cc(105)] NOT IMPLEMENTED
1월 15, 2018 15:06:55.77 [5088:12536:0115/150655.689:ERROR:process_metrics.cc(105)] NOT IMPLEMENTED
1월 15, 2018 15:08:55.69 [5088:12536:0115/150855.690:ERROR:process_metrics.cc(105)] NOT IMPLEMENTED
1월 15, 2018 15:08:55.71 [5088:12536:0115/150855.690:ERROR:process_metrics.cc(105)] NOT IMPLEMENTED
1월 15, 2018 15:08:55.73 [5088:12536:0115/150855.690:ERROR:process_metrics.cc(105)] NOT IMPLEMENTED
1월 15, 2018 15:08:55.74 [5088:12536:0115/150855.690:ERROR:process_metrics.cc(105)] NOT IMPLEMENTED
1월 15, 2018 15:08:55.75 [5088:12536:0115/150855.690:ERROR:process_metrics.cc(105)] NOT IMPLEMENTED
1월 15, 2018 15:08:55.76 [5088:12536:0115/150855.690:ERROR:process_metrics.cc(105)] NOT IMPLEMENTED
1월 15, 2018 15:10:07.76 
1월 15, 2018 15:10:07.78 KLIB_SelfTest return : KLR_OK
1월 15, 2018 15:12:36.87 [15672:8148:0115/151236.878:ERROR:service_manager.cc(157)] Connection InterfaceProviderSpec prevented service: content_renderer from binding interface: blink::mojom::ReportingServiceProxy exposed by: content_browser
1월 15, 2018 15:12:42.98 
1월 15, 2018 15:12:42.99 KLIB_SelfTest return : KLR_OK
1월 15, 2018 15:14:04.74 
1월 15, 2018 15:14:04.75 KLIB_SelfTest return : KLR_OK
1월 15, 2018 15:16:22.01 
1월 15, 2018 15:16:22.02 KLIB_SelfTest return : KLR_OK
1월 15, 2018 15:18:30.42 [9880:16936:0115/151830.424:ERROR:process_metrics.cc(105)] NOT IMPLEMENTED
1월 15, 2018 15:18:30.43 [9880:16936:0115/151830.424:ERROR:process_metrics.cc(105)] NOT IMPLEMENTED
1월 15, 2018 15:18:30.43 [9880:16936:0115/151830.424:ERROR:process_metrics.cc(105)] NOT IMPLEMENTED
1월 15, 2018 15:18:30.44 [9880:16936:0115/151830.424:ERROR:process_metrics.cc(105)] NOT IMPLEMENTED
1월 15, 2018 15:20:30.42 [9880:16936:0115/152030.424:ERROR:process_metrics.cc(105)] NOT IMPLEMENTED
1월 15, 2018 15:20:30.43 [9880:16936:0115/152030.424:ERROR:process_metrics.cc(105)] NOT IMPLEMENTED
1월 15, 2018 15:20:30.44 [9880:16936:0115/152030.424:ERROR:process_metrics.cc(105)] NOT IMPLEMENTED
1월 15, 2018 15:20:30.45 [9880:16936:0115/152030.424:ERROR:process_metrics.cc(105)] NOT IMPLEMENTED
1월 15, 2018 15:20:30.46 [9880:16936:0115/152030.424:ERROR:process_metrics.cc(105)] NOT IMPLEMENTED
1월 15, 2018 15:22:30.42 [9880:16936:0115/152230.425:ERROR:process_metrics.cc(105)] NOT IMPLEMENTED
1월 15, 2018 15:22:30.45 [9880:16936:0115/152230.425:ERROR:process_metrics.cc(105)] NOT IMPLEMENTED
1월 15, 2018 15:22:30.46 [9880:16936:0115/152230.425:ERROR:process_metrics.cc(105)] NOT IMPLEMENTED
1월 15, 2018 15:22:30.47 [9880:16936:0115/152230.425:ERROR:process_metrics.cc(105)] NOT IMPLEMENTED
1월 15, 2018 15:22:30.48 [9880:16936:0115/152230.425:ERROR:process_metrics.cc(105)] NOT IMPLEMENTED
1월 15, 2018 15:22:30.49 [9880:16936:0115/152230.425:ERROR:process_metrics.cc(105)] NOT IMPLEMENTED
1월 15, 2018 15:24:30.42 [9880:16936:0115/152430.426:ERROR:process_metrics.cc(105)] NOT IMPLEMENTED
1월 15, 2018 15:24:30.44 [9880:16936:0115/152430.426:ERROR:process_metrics.cc(105)] NOT IMPLEMENTED
1월 15, 2018 15:24:30.46 [9880:16936:0115/152430.426:ERROR:process_metrics.cc(105)] NOT IMPLEMENTED
1월 15, 2018 15:24:30.48 [9880:16936:0115/152430.427:ERROR:process_metrics.cc(105)] NOT IMPLEMENTED
1월 15, 2018 15:24:30.49 [9880:16936:0115/152430.427:ERROR:process_metrics.cc(105)] NOT IMPLEMENTED
1월 15, 2018 15:24:30.50 [9880:16936:0115/152430.427:ERROR:process_metrics.cc(105)] NOT IMPLEMENTED
1월 15, 2018 15:24:30.51 [9880:16936:0115/152430.427:ERROR:process_metrics.cc(105)] NOT IMPLEMENTED
1월 15, 2018 15:26:30.42 [9880:16936:0115/152630.428:ERROR:process_metrics.cc(105)] NOT IMPLEMENTED
1월 15, 2018 15:26:30.45 [9880:16936:0115/152630.428:ERROR:process_metrics.cc(105)] NOT IMPLEMENTED
1월 15, 2018 15:26:30.46 [9880:16936:0115/152630.428:ERROR:process_metrics.cc(105)] NOT IMPLEMENTED
1월 15, 2018 15:26:30.47 [9880:16936:0115/152630.428:ERROR:process_metrics.cc(105)] NOT IMPLEMENTED
1월 15, 2018 15:26:30.48 [9880:16936:0115/152630.428:ERROR:process_metrics.cc(105)] NOT IMPLEMENTED
1월 15, 2018 15:26:30.49 [9880:16936:0115/152630.428:ERROR:process_metrics.cc(105)] NOT IMPLEMENTED
1월 15, 2018 15:26:30.50 [9880:16936:0115/152630.428:ERROR:process_metrics.cc(105)] NOT IMPLEMENTED
1월 15, 2018 15:28:30.43 [9880:16936:0115/152830.431:ERROR:process_metrics.cc(105)] NOT IMPLEMENTED
1월 15, 2018 15:28:30.45 [9880:16936:0115/152830.431:ERROR:process_metrics.cc(105)] NOT IMPLEMENTED
1월 15, 2018 15:28:30.46 [9880:16936:0115/152830.431:ERROR:process_metrics.cc(105)] NOT IMPLEMENTED
1월 15, 2018 15:28:30.47 [9880:16936:0115/152830.431:ERROR:process_metrics.cc(105)] NOT IMPLEMENTED
1월 15, 2018 15:28:30.48 [9880:16936:0115/152830.431:ERROR:process_metrics.cc(105)] NOT IMPLEMENTED
1월 15, 2018 15:28:30.49 [9880:16936:0115/152830.431:ERROR:process_metrics.cc(105)] NOT IMPLEMENTED
1월 15, 2018 15:28:30.50 [9880:16936:0115/152830.432:ERROR:process_metrics.cc(105)] NOT IMPLEMENTED
1월 15, 2018 15:29:45.91 
1월 15, 2018 15:29:45.93 KLIB_SelfTest return : KLR_OK
1월 15, 2018 15:30:25.83 
1월 15, 2018 15:30:25.83 KLIB_SelfTest return : KLR_OK
1월 15, 2018 15:33:02.86 [2172:9448:0115/153302.863:ERROR:process_metrics.cc(105)] NOT IMPLEMENTED
1월 15, 2018 15:33:02.87 [2172:9448:0115/153302.863:ERROR:process_metrics.cc(105)] NOT IMPLEMENTED
1월 15, 2018 15:33:02.89 [2172:9448:0115/153302.864:ERROR:process_metrics.cc(105)] NOT IMPLEMENTED
1월 15, 2018 15:33:02.90 [2172:9448:0115/153302.864:ERROR:process_metrics.cc(105)] NOT IMPLEMENTED
1월 15, 2018 15:34:03.72 
1월 15, 2018 15:34:03.74 KLIB_SelfTest return : KLR_OK
1월 15, 2018 15:34:53.85 
1월 15, 2018 15:34:53.88 KLIB_SelfTest return : KLR_OK
1월 15, 2018 15:37:03.34 [7644:16940:0115/153703.339:ERROR:process_metrics.cc(105)] NOT IMPLEMENTED
1월 15, 2018 15:37:03.36 [7644:16940:0115/153703.339:ERROR:process_metrics.cc(105)] NOT IMPLEMENTED
1월 15, 2018 15:37:03.38 [7644:16940:0115/153703.339:ERROR:process_metrics.cc(105)] NOT IMPLEMENTED
1월 15, 2018 15:37:03.39 [7644:16940:0115/153703.339:ERROR:process_metrics.cc(105)] NOT IMPLEMENTED
1월 15, 2018 15:37:03.40 [7644:16940:0115/153703.339:ERROR:process_metrics.cc(105)] NOT IMPLEMENTED
1월 15, 2018 15:39:03.34 [7644:16940:0115/153903.340:ERROR:process_metrics.cc(105)] NOT IMPLEMENTED
1월 15, 2018 15:39:03.37 [7644:16940:0115/153903.340:ERROR:process_metrics.cc(105)] NOT IMPLEMENTED
1월 15, 2018 15:39:03.39 [7644:16940:0115/153903.341:ERROR:process_metrics.cc(105)] NOT IMPLEMENTED
1월 15, 2018 15:39:03.40 [7644:16940:0115/153903.341:ERROR:process_metrics.cc(105)] NOT IMPLEMENTED
1월 15, 2018 15:39:03.41 [7644:16940:0115/153903.341:ERROR:process_metrics.cc(105)] NOT IMPLEMENTED
1월 15, 2018 15:39:03.42 [7644:16940:0115/153903.341:ERROR:process_metrics.cc(105)] NOT IMPLEMENTED
1월 15, 2018 15:39:40.34 
1월 15, 2018 15:39:40.34 KLIB_SelfTest return : KLR_OK
1월 15, 2018 15:40:34.80 
1월 15, 2018 15:40:34.80 KLIB_SelfTest return : KLR_OK
1월 15, 2018 15:42:44.38 [12128:13404:0115/154244.385:ERROR:process_metrics.cc(105)] NOT IMPLEMENTED
1월 15, 2018 15:42:44.39 [12128:13404:0115/154244.385:ERROR:process_metrics.cc(105)] NOT IMPLEMENTED
1월 15, 2018 15:42:44.40 [12128:13404:0115/154244.385:ERROR:process_metrics.cc(105)] NOT IMPLEMENTED
1월 15, 2018 15:42:44.41 [12128:13404:0115/154244.385:ERROR:process_metrics.cc(105)] NOT IMPLEMENTED
1월 15, 2018 15:43:38.72 
1월 15, 2018 15:43:38.74 KLIB_SelfTest return : KLR_OK
1월 15, 2018 15:51:12.73 
1월 15, 2018 15:51:12.74 KLIB_SelfTest return : KLR_OK
1월 15, 2018 15:52:11.83 
1월 15, 2018 15:52:11.83 KLIB_SelfTest return : KLR_OK
1월 15, 2018 15:54:17.52 [7768:12776:0115/155417.522:ERROR:process_metrics.cc(105)] NOT IMPLEMENTED
1월 15, 2018 15:54:17.54 [7768:12776:0115/155417.522:ERROR:process_metrics.cc(105)] NOT IMPLEMENTED
1월 15, 2018 15:54:17.56 [7768:12776:0115/155417.522:ERROR:process_metrics.cc(105)] NOT IMPLEMENTED
1월 15, 2018 15:54:17.57 [7768:12776:0115/155417.522:ERROR:process_metrics.cc(105)] NOT IMPLEMENTED
1월 15, 2018 15:54:17.58 [7768:12776:0115/155417.522:ERROR:process_metrics.cc(105)] NOT IMPLEMENTED
1월 15, 2018 15:54:37.56 
1월 15, 2018 15:54:37.56 KLIB_SelfTest return : KLR_OK
1월 15, 2018 15:55:08.73 
1월 15, 2018 15:55:08.74 KLIB_SelfTest return : KLR_OK
1월 15, 2018 15:56:49.44 
1월 15, 2018 15:56:49.45 KLIB_SelfTest return : KLR_OK
1월 15, 2018 15:58:42.03 
1월 15, 2018 15:58:42.05 KLIB_SelfTest return : KLR_OK
1월 15, 2018 15:58:52.41 
1월 15, 2018 15:58:52.44 KLIB_SelfTest return : KLR_OK
1월 15, 2018 16:01:04.84 [6540:5812:0115/160104.845:ERROR:process_metrics.cc(105)] NOT IMPLEMENTED
1월 15, 2018 16:01:04.86 [6540:5812:0115/160104.845:ERROR:process_metrics.cc(105)] NOT IMPLEMENTED
1월 15, 2018 16:01:04.87 [6540:5812:0115/160104.845:ERROR:process_metrics.cc(105)] NOT IMPLEMENTED
1월 15, 2018 16:01:04.88 [6540:5812:0115/160104.845:ERROR:process_metrics.cc(105)] NOT IMPLEMENTED
1월 15, 2018 16:02:41.48 
1월 15, 2018 16:02:41.50 KLIB_SelfTest return : KLR_OK
1월 15, 2018 16:04:49.04 [1524:7444:0115/160449.047:ERROR:process_metrics.cc(105)] NOT IMPLEMENTED
1월 15, 2018 16:04:49.05 [1524:7444:0115/160449.047:ERROR:process_metrics.cc(105)] NOT IMPLEMENTED
1월 15, 2018 16:04:49.07 [1524:7444:0115/160449.047:ERROR:process_metrics.cc(105)] NOT IMPLEMENTED
1월 15, 2018 16:04:49.07 [1524:7444:0115/160449.047:ERROR:process_metrics.cc(105)] NOT IMPLEMENTED
1월 15, 2018 16:05:03.30 
1월 15, 2018 16:05:03.31 KLIB_SelfTest return : KLR_OK
1월 15, 2018 16:07:07.27 [16140:8904:0115/160707.272:ERROR:process_metrics.cc(105)] NOT IMPLEMENTED
1월 15, 2018 16:07:07.29 [16140:8904:0115/160707.272:ERROR:process_metrics.cc(105)] NOT IMPLEMENTED
1월 15, 2018 16:07:07.30 [16140:8904:0115/160707.272:ERROR:process_metrics.cc(105)] NOT IMPLEMENTED
1월 15, 2018 16:07:07.31 [16140:8904:0115/160707.272:ERROR:process_metrics.cc(105)] NOT IMPLEMENTED
1월 15, 2018 16:07:17.44 
1월 15, 2018 16:07:17.45 KLIB_SelfTest return : KLR_OK
1월 15, 2018 16:09:21.50 [15340:12684:0115/160921.504:ERROR:process_metrics.cc(105)] NOT IMPLEMENTED
1월 15, 2018 16:09:21.56 [15340:12684:0115/160921.504:ERROR:process_metrics.cc(105)] NOT IMPLEMENTED
1월 15, 2018 16:09:21.58 [15340:12684:0115/160921.504:ERROR:process_metrics.cc(105)] NOT IMPLEMENTED
1월 15, 2018 16:09:21.59 [15340:12684:0115/160921.504:ERROR:process_metrics.cc(105)] NOT IMPLEMENTED
1월 15, 2018 16:09:21.60 [15340:12684:0115/160921.504:ERROR:process_metrics.cc(105)] NOT IMPLEMENTED
1월 15, 2018 16:11:21.50 [15340:12684:0115/161121.505:ERROR:process_metrics.cc(105)] NOT IMPLEMENTED
1월 15, 2018 16:11:21.52 [15340:12684:0115/161121.505:ERROR:process_metrics.cc(105)] NOT IMPLEMENTED
1월 15, 2018 16:11:21.54 [15340:12684:0115/161121.505:ERROR:process_metrics.cc(105)] NOT IMPLEMENTED
1월 15, 2018 16:11:21.56 [15340:12684:0115/161121.505:ERROR:process_metrics.cc(105)] NOT IMPLEMENTED
1월 15, 2018 16:11:21.57 [15340:12684:0115/161121.505:ERROR:process_metrics.cc(105)] NOT IMPLEMENTED
1월 15, 2018 16:13:21.50 [15340:12684:0115/161321.507:ERROR:process_metrics.cc(105)] NOT IMPLEMENTED
1월 15, 2018 16:13:21.52 [15340:12684:0115/161321.507:ERROR:process_metrics.cc(105)] NOT IMPLEMENTED
1월 15, 2018 16:13:21.54 [15340:12684:0115/161321.507:ERROR:process_metrics.cc(105)] NOT IMPLEMENTED
1월 15, 2018 16:13:21.55 [15340:12684:0115/161321.507:ERROR:process_metrics.cc(105)] NOT IMPLEMENTED
1월 15, 2018 16:13:21.57 [15340:12684:0115/161321.507:ERROR:process_metrics.cc(105)] NOT IMPLEMENTED
1월 15, 2018 16:14:37.04 
1월 15, 2018 16:14:37.06 KLIB_SelfTest return : KLR_OK
1월 15, 2018 16:16:43.26 [11616:7112:0115/161643.266:ERROR:process_metrics.cc(105)] NOT IMPLEMENTED
1월 15, 2018 16:16:43.33 [11616:7112:0115/161643.266:ERROR:process_metrics.cc(105)] NOT IMPLEMENTED
1월 15, 2018 16:16:43.34 [11616:7112:0115/161643.266:ERROR:process_metrics.cc(105)] NOT IMPLEMENTED
1월 15, 2018 16:16:43.36 [11616:7112:0115/161643.266:ERROR:process_metrics.cc(105)] NOT IMPLEMENTED
1월 15, 2018 16:16:43.38 [11616:7112:0115/161643.266:ERROR:process_metrics.cc(105)] NOT IMPLEMENTED
1월 15, 2018 16:16:53.58 
1월 15, 2018 16:16:53.59 KLIB_SelfTest return : KLR_OK
1월 15, 2018 16:19:15.17 [3848:12644:0115/161915.177:ERROR:process_metrics.cc(105)] NOT IMPLEMENTED
1월 15, 2018 16:19:15.18 [3848:12644:0115/161915.177:ERROR:process_metrics.cc(105)] NOT IMPLEMENTED
1월 15, 2018 16:19:15.19 [3848:12644:0115/161915.177:ERROR:process_metrics.cc(105)] NOT IMPLEMENTED
1월 15, 2018 16:19:15.19 [3848:12644:0115/161915.177:ERROR:process_metrics.cc(105)] NOT IMPLEMENTED
1월 15, 2018 16:21:15.17 [3848:12644:0115/162115.178:ERROR:process_metrics.cc(105)] NOT IMPLEMENTED
1월 15, 2018 16:21:15.18 [3848:12644:0115/162115.178:ERROR:process_metrics.cc(105)] NOT IMPLEMENTED
1월 15, 2018 16:21:15.19 [3848:12644:0115/162115.178:ERROR:process_metrics.cc(105)] NOT IMPLEMENTED
1월 15, 2018 16:21:15.19 [3848:12644:0115/162115.178:ERROR:process_metrics.cc(105)] NOT IMPLEMENTED
1월 15, 2018 16:23:15.18 [3848:12644:0115/162315.178:ERROR:process_metrics.cc(105)] NOT IMPLEMENTED
1월 15, 2018 16:23:15.19 [3848:12644:0115/162315.179:ERROR:process_metrics.cc(105)] NOT IMPLEMENTED
1월 15, 2018 16:23:15.21 [3848:12644:0115/162315.179:ERROR:process_metrics.cc(105)] NOT IMPLEMENTED
1월 15, 2018 16:23:15.23 [3848:12644:0115/162315.179:ERROR:process_metrics.cc(105)] NOT IMPLEMENTED
1월 15, 2018 16:25:15.18 [3848:12644:0115/162515.180:ERROR:process_metrics.cc(105)] NOT IMPLEMENTED
1월 15, 2018 16:25:15.20 [3848:12644:0115/162515.180:ERROR:process_metrics.cc(105)] NOT IMPLEMENTED
1월 15, 2018 16:25:15.21 [3848:12644:0115/162515.180:ERROR:process_metrics.cc(105)] NOT IMPLEMENTED
1월 15, 2018 16:25:15.22 [3848:12644:0115/162515.180:ERROR:process_metrics.cc(105)] NOT IMPLEMENTED
1월 15, 2018 16:27:15.18 [3848:12644:0115/162715.181:ERROR:process_metrics.cc(105)] NOT IMPLEMENTED
1월 15, 2018 16:27:15.20 [3848:12644:0115/162715.181:ERROR:process_metrics.cc(105)] NOT IMPLEMENTED
1월 15, 2018 16:27:15.22 [3848:12644:0115/162715.181:ERROR:process_metrics.cc(105)] NOT IMPLEMENTED
1월 15, 2018 16:27:15.23 [3848:12644:0115/162715.181:ERROR:process_metrics.cc(105)] NOT IMPLEMENTED
1월 15, 2018 16:29:15.18 [3848:12644:0115/162915.181:ERROR:process_metrics.cc(105)] NOT IMPLEMENTED
1월 15, 2018 16:29:15.21 [3848:12644:0115/162915.181:ERROR:process_metrics.cc(105)] NOT IMPLEMENTED
1월 15, 2018 16:29:15.22 [3848:12644:0115/162915.181:ERROR:process_metrics.cc(105)] NOT IMPLEMENTED
1월 15, 2018 16:29:15.23 [3848:12644:0115/162915.181:ERROR:process_metrics.cc(105)] NOT IMPLEMENTED
1월 15, 2018 16:31:15.18 [3848:12644:0115/163115.182:ERROR:process_metrics.cc(105)] NOT IMPLEMENTED
1월 15, 2018 16:31:15.20 [3848:12644:0115/163115.182:ERROR:process_metrics.cc(105)] NOT IMPLEMENTED
1월 15, 2018 16:31:15.22 [3848:12644:0115/163115.182:ERROR:process_metrics.cc(105)] NOT IMPLEMENTED
1월 15, 2018 16:31:15.23 [3848:12644:0115/163115.182:ERROR:process_metrics.cc(105)] NOT IMPLEMENTED
1월 15, 2018 16:33:07.58 
1월 15, 2018 16:33:07.59 KLIB_SelfTest return : KLR_OK
1월 15, 2018 16:34:07.08 
1월 15, 2018 16:34:07.09 KLIB_SelfTest return : KLR_OK
1월 15, 2018 16:36:11.60 [15620:16228:0115/163611.606:ERROR:process_metrics.cc(105)] NOT IMPLEMENTED
1월 15, 2018 16:36:11.61 [15620:16228:0115/163611.606:ERROR:process_metrics.cc(105)] NOT IMPLEMENTED
1월 15, 2018 16:36:11.62 [15620:16228:0115/163611.606:ERROR:process_metrics.cc(105)] NOT IMPLEMENTED
1월 15, 2018 16:36:11.63 [15620:16228:0115/163611.606:ERROR:process_metrics.cc(105)] NOT IMPLEMENTED
1월 15, 2018 16:38:11.60 [15620:16228:0115/163811.607:ERROR:process_metrics.cc(105)] NOT IMPLEMENTED
1월 15, 2018 16:38:11.62 [15620:16228:0115/163811.607:ERROR:process_metrics.cc(105)] NOT IMPLEMENTED
1월 15, 2018 16:38:11.64 [15620:16228:0115/163811.607:ERROR:process_metrics.cc(105)] NOT IMPLEMENTED
1월 15, 2018 16:38:11.65 [15620:16228:0115/163811.607:ERROR:process_metrics.cc(105)] NOT IMPLEMENTED
1월 15, 2018 16:38:11.66 [15620:16228:0115/163811.607:ERROR:process_metrics.cc(105)] NOT IMPLEMENTED
1월 15, 2018 16:38:23.30 
1월 15, 2018 16:38:23.31 KLIB_SelfTest return : KLR_OK
1월 15, 2018 16:39:41.80 
1월 15, 2018 16:39:41.81 KLIB_SelfTest return : KLR_OK
1월 15, 2018 16:41:52.57 
1월 15, 2018 16:41:52.59 KLIB_SelfTest return : KLR_OK
